c:\darmor\school\data structures & algorithms\inclass examples\heap\consoleapplication1\x64\debug\vc143.pdb
c:\darmor\school\data structures & algorithms\inclass examples\heap\consoleapplication1\x64\debug\vc143.idb
c:\darmor\school\data structures & algorithms\inclass examples\heap\consoleapplication1\x64\debug\maxheap.obj
c:\darmor\school\data structures & algorithms\inclass examples\heap\consoleapplication1\x64\debug\consoleapplication1.obj
c:\darmor\school\data structures & algorithms\inclass examples\heap\consoleapplication1\x64\debug\consoleapplication1.pdb
c:\darmor\school\data structures & algorithms\inclass examples\heap\consoleapplication1\x64\debug\consolea.1ade1a82.tlog\cl.command.1.tlog
c:\darmor\school\data structures & algorithms\inclass examples\heap\consoleapplication1\x64\debug\consolea.1ade1a82.tlog\cl.read.1.tlog
c:\darmor\school\data structures & algorithms\inclass examples\heap\consoleapplication1\x64\debug\consolea.1ade1a82.tlog\cl.write.1.tlog
c:\darmor\school\data structures & algorithms\inclass examples\heap\consoleapplication1\x64\debug\consolea.1ade1a82.tlog\link-cvtres.read.1.tlog
c:\darmor\school\data structures & algorithms\inclass examples\heap\consoleapplication1\x64\debug\consolea.1ade1a82.tlog\link-cvtres.write.1.tlog
c:\darmor\school\data structures & algorithms\inclass examples\heap\consoleapplication1\x64\debug\consolea.1ade1a82.tlog\link-rc.read.1.tlog
c:\darmor\school\data structures & algorithms\inclass examples\heap\consoleapplication1\x64\debug\consolea.1ade1a82.tlog\link-rc.write.1.tlog
c:\darmor\school\data structures & algorithms\inclass examples\heap\consoleapplication1\x64\debug\consolea.1ade1a82.tlog\link.2980-cvtres.read.1.tlog
c:\darmor\school\data structures & algorithms\inclass examples\heap\consoleapplication1\x64\debug\consolea.1ade1a82.tlog\link.2980-cvtres.write.1.tlog
c:\darmor\school\data structures & algorithms\inclass examples\heap\consoleapplication1\x64\debug\consolea.1ade1a82.tlog\link.2980-rc.read.1.tlog
c:\darmor\school\data structures & algorithms\inclass examples\heap\consoleapplication1\x64\debug\consolea.1ade1a82.tlog\link.2980-rc.write.1.tlog
c:\darmor\school\data structures & algorithms\inclass examples\heap\consoleapplication1\x64\debug\consolea.1ade1a82.tlog\link.2980.read.1.tlog
c:\darmor\school\data structures & algorithms\inclass examples\heap\consoleapplication1\x64\debug\consolea.1ade1a82.tlog\link.2980.read.2.tlog
c:\darmor\school\data structures & algorithms\inclass examples\heap\consoleapplication1\x64\debug\consolea.1ade1a82.tlog\link.2980.write.1.tlog
c:\darmor\school\data structures & algorithms\inclass examples\heap\consoleapplication1\x64\debug\consolea.1ade1a82.tlog\link.command.1.tlog
c:\darmor\school\data structures & algorithms\inclass examples\heap\consoleapplication1\x64\debug\consolea.1ade1a82.tlog\link.read.1.tlog
c:\darmor\school\data structures & algorithms\inclass examples\heap\consoleapplication1\x64\debug\consolea.1ade1a82.tlog\link.read.2.tlog
c:\darmor\school\data structures & algorithms\inclass examples\heap\consoleapplication1\x64\debug\consolea.1ade1a82.tlog\link.write.1.tlog
